<?xml version="1.0" encoding="UTF-8"?>
<testsuite name="com.example.managing.ManagingApplicationTests" tests="1" skipped="0" failures="0" errors="0" timestamp="2024-06-11T14:01:59" hostname="max" time="1.577">
  <properties/>
  <testcase name="contextLoads()" classname="com.example.managing.ManagingApplicationTests" time="1.577"/>
  <system-out><![CDATA[16:01:56.044 [Test worker] INFO org.springframework.test.context.support.AnnotationConfigContextLoaderUtils -- Could not detect default configuration classes for test class [com.example.managing.ManagingApplicationTests]: ManagingApplicationTests does not declare any static, non-private, non-final, nested classes annotated with @Configuration.
16:01:56.131 [Test worker] INFO org.springframework.boot.test.context.SpringBootTestContextBootstrapper -- Found @SpringBootConfiguration com.example.managing.ManagingApplication for test class com.example.managing.ManagingApplicationTests

  .   ____          _            __ _ _
 /\\ / ___'_ __ _ _(_)_ __  __ _ \ \ \ \
( ( )\___ | '_ | '_| | '_ \/ _` | \ \ \ \
 \\/  ___)| |_)| | | | | || (_| |  ) ) ) )
  '  |____| .__|_| |_|_| |_\__, | / / / /
 =========|_|==============|___/=/_/_/_/
 :: Spring Boot ::                (v3.2.4)

2024-06-11T16:01:56.402+02:00  WARN 16849 --- [Managing] [    Test worker] ory$DuplicateJsonObjectContextCustomizer : 

Found multiple occurrences of org.json.JSONObject on the class path:

	jar:file:/root/.gradle/caches/modules-2/files-2.1/org.json/json/20231013/e22e0c040fe16f04ffdb85d851d77b07fc05ea52/json-20231013.jar!/org/json/JSONObject.class
	jar:file:/root/.gradle/caches/modules-2/files-2.1/com.vaadin.external.google/android-json/0.0.20131108.vaadin1/fa26d351fe62a6a17f5cda1287c1c6110dec413f/android-json-0.0.20131108.vaadin1.jar!/org/json/JSONObject.class

You may wish to exclude one of them to ensure predictable runtime behavior

2024-06-11T16:01:56.413+02:00  INFO 16849 --- [Managing] [    Test worker] c.e.managing.ManagingApplicationTests    : Starting ManagingApplicationTests using Java 21.0.3 with PID 16849 (started by root in /home/max/Scrivania/Thesis/Managing)
2024-06-11T16:01:56.414+02:00  INFO 16849 --- [Managing] [    Test worker] c.e.managing.ManagingApplicationTests    : No active profile set, falling back to 1 default profile: "default"
2024-06-11T16:01:57.320+02:00  INFO 16849 --- [Managing] [    Test worker] c.e.managing.ManagingApplicationTests    : Started ManagingApplicationTests in 1.082 seconds (process running for 1.906)
Starting 5 nodes...
Creating node1
Creating node2
Creating node0
Creating node3
Creating node4
All nodes launched in 1783 ms
]]></system-out>
  <system-err><![CDATA[WARNING: A Java agent has been loaded dynamically (/root/.gradle/caches/modules-2/files-2.1/net.bytebuddy/byte-buddy-agent/1.14.12/be4984cb6fd1ef1d11f218a648889dfda44b8a15/byte-buddy-agent-1.14.12.jar)
WARNING: If a serviceability tool is in use, please run with -XX:+EnableDynamicAgentLoading to hide this warning
WARNING: If a serviceability tool is not in use, please run with -Djdk.instrument.traceUsage for more information
WARNING: Dynamic loading of agents will be disallowed by default in a future release
]]></system-err>
</testsuite>
